<?xml version="1.0" encoding="UTF-8"?>
<!-- Generated by org.testng.reporters.JUnitReportReporter -->
<testsuite skipped="0" hostname="Sachins-MacBook-Air.local" name="com.crm.qa.testcases.HomePageTest" tests="5" failures="0" timestamp="05 Dec 2017 13:25:12 GMT" time="71.691" errors="0">
  <testcase name="verifyHomePageTitle" time="11.993" classname="com.crm.qa.testcases.HomePageTest"/>
  <testcase name="verifyUserNamelabel" time="12.911" classname="com.crm.qa.testcases.HomePageTest"/>
  <testcase name="verifyContactPage" time="15.514" classname="com.crm.qa.testcases.HomePageTest"/>
  <testcase name="verifyDealsPage" time="15.644" classname="com.crm.qa.testcases.HomePageTest"/>
  <testcase name="verifyTasksPage" time="15.629" classname="com.crm.qa.testcases.HomePageTest"/>
</testsuite> <!-- com.crm.qa.testcases.HomePageTest -->
