<?xml version="1.0" encoding="UTF-8"?>
<!-- Generated by org.testng.reporters.JUnitReportReporter -->
<testsuite skipped="0" hostname="Sachins-MacBook-Air.local" name="com.crm.qa.testcases.LoginPageTest" tests="3" failures="0" timestamp="07 Nov 2017 06:35:57 GMT" time="25.834" errors="0">
  <testcase name="loginPageTitleTest" time="4.157" classname="com.crm.qa.testcases.LoginPageTest"/>
  <testcase name="crmLogoImageTest" time="4.407" classname="com.crm.qa.testcases.LoginPageTest"/>
  <testcase name="loginTest" time="17.270" classname="com.crm.qa.testcases.LoginPageTest"/>
</testsuite> <!-- com.crm.qa.testcases.LoginPageTest -->
