<?xml version="1.0" encoding="UTF-8"?>
<!-- Generated by org.testng.reporters.JUnitReportReporter -->
<testsuite skipped="0" hostname="Sachins-MacBook-Air.local" name="com.crm.qa.testcases.HomePageTest" tests="5" failures="0" timestamp="05 Dec 2017 17:26:48 GMT" time="77.323" errors="0">
  <testcase name="verifyHomePageTitle" time="12.853" classname="com.crm.qa.testcases.HomePageTest"/>
  <testcase name="verifyUserNamelabel" time="13.297" classname="com.crm.qa.testcases.HomePageTest"/>
  <testcase name="verifyContactPage" time="19.394" classname="com.crm.qa.testcases.HomePageTest"/>
  <testcase name="verifyDealsPage" time="14.978" classname="com.crm.qa.testcases.HomePageTest"/>
  <testcase name="verifyTasksPage" time="16.801" classname="com.crm.qa.testcases.HomePageTest"/>
</testsuite> <!-- com.crm.qa.testcases.HomePageTest -->
