<?xml version="1.0" encoding="UTF-8"?>
<!-- Generated by org.testng.reporters.JUnitReportReporter -->
<testsuite skipped="0" hostname="Sachins-MacBook-Air.local" name="com.crm.qa.testcases.HomePageTest" tests="5" failures="0" timestamp="07 Nov 2017 08:35:16 GMT" time="79.916" errors="0">
  <testcase name="verifyDealsPage" time="20.957" classname="com.crm.qa.testcases.HomePageTest"/>
  <testcase name="verifyTasksPage" time="17.565" classname="com.crm.qa.testcases.HomePageTest"/>
  <testcase name="verifyContactPage" time="14.888" classname="com.crm.qa.testcases.HomePageTest"/>
  <testcase name="verifyHomePageTitle" time="13.200" classname="com.crm.qa.testcases.HomePageTest"/>
  <testcase name="verifyUserNamelabel" time="13.306" classname="com.crm.qa.testcases.HomePageTest"/>
</testsuite> <!-- com.crm.qa.testcases.HomePageTest -->
