<?xml version="1.0" encoding="UTF-8"?>
<!-- Generated by org.testng.reporters.JUnitReportReporter -->
<testsuite skipped="0" hostname="Sachins-MacBook-Air.local" name="com.crm.qa.testcases.LoginPageTest" tests="3" failures="0" timestamp="05 Dec 2017 17:26:53 GMT" time="25.965" errors="0">
  <testcase name="loginPageTitleTest" time="5.263" classname="com.crm.qa.testcases.LoginPageTest"/>
  <testcase name="crmLogoImageTest" time="5.962" classname="com.crm.qa.testcases.LoginPageTest"/>
  <testcase name="loginTest" time="14.740" classname="com.crm.qa.testcases.LoginPageTest"/>
</testsuite> <!-- com.crm.qa.testcases.LoginPageTest -->
